TN:
SF:src/modules/transactions/services/AddBillsInTransactionService.ts
FN:1,(empty-report)
FNF:1
FNH:0
FNDA:0,(empty-report)
DA:1,0
DA:2,0
DA:3,0
DA:4,0
DA:5,0
DA:6,0
DA:7,0
DA:8,0
DA:9,0
DA:10,0
DA:11,0
DA:12,0
DA:13,0
DA:14,0
DA:15,0
DA:16,0
DA:17,0
DA:18,0
DA:19,0
DA:20,0
DA:21,0
DA:22,0
DA:23,0
DA:24,0
DA:25,0
DA:26,0
DA:27,0
DA:28,0
DA:29,0
DA:30,0
DA:31,0
DA:32,0
DA:33,0
DA:34,0
DA:35,0
DA:36,0
DA:37,0
DA:38,0
DA:39,0
DA:40,0
DA:41,0
DA:42,0
DA:43,0
DA:44,0
DA:45,0
DA:46,0
DA:47,0
DA:48,0
LF:48
LH:0
BRDA:1,0,0,0
BRF:1
BRH:0
end_of_record
TN:
SF:src/modules/transactions/services/CreateCategoryService.ts
FN:13,CreateCategoryService
FN:18,Object.<anonymous>.CreateCategoryService.execute
FNF:2
FNH:2
FNDA:2,CreateCategoryService
FNDA:3,Object.<anonymous>.CreateCategoryService.execute
DA:1,1
DA:2,1
DA:3,1
DA:4,1
DA:5,1
DA:6,1
DA:7,1
DA:8,1
DA:9,1
DA:10,1
DA:11,1
DA:12,1
DA:13,1
DA:14,2
DA:15,2
DA:16,1
DA:17,1
DA:18,1
DA:19,3
DA:20,3
DA:21,3
DA:22,3
DA:23,3
DA:24,1
DA:25,1
DA:26,2
DA:27,2
DA:28,2
DA:29,3
DA:30,3
DA:31,1
LF:31
LH:31
BRDA:12,0,0,1
BRDA:13,1,0,2
BRDA:18,2,0,3
BRDA:19,3,0,3
BRDA:23,4,0,1
BRDA:26,5,0,2
BRF:6
BRH:6
end_of_record
TN:
SF:src/modules/transactions/services/CreateTransactionService.ts
FN:19,CreateTransactionService
FN:26,Object.<anonymous>.CreateTransactionService.execute
FNF:2
FNH:2
FNDA:4,CreateTransactionService
FNDA:4,Object.<anonymous>.CreateTransactionService.execute
DA:1,1
DA:2,1
DA:3,1
DA:4,1
DA:5,1
DA:6,1
DA:7,1
DA:8,1
DA:9,1
DA:10,1
DA:11,1
DA:12,1
DA:13,1
DA:14,1
DA:15,1
DA:16,1
DA:17,1
DA:18,1
DA:19,1
DA:20,4
DA:21,4
DA:22,4
DA:23,4
DA:24,4
DA:25,1
DA:26,1
DA:27,4
DA:28,4
DA:29,4
DA:30,4
DA:31,4
DA:32,4
DA:33,4
DA:34,1
DA:35,1
DA:36,3
DA:37,1
DA:38,4
DA:39,4
DA:40,4
DA:41,4
DA:42,4
DA:43,4
DA:44,4
DA:45,4
DA:46,1
DA:47,1
DA:48,1
DA:49,1
DA:50,1
DA:51,1
DA:52,1
DA:53,1
DA:54,1
DA:55,1
DA:56,1
DA:57,1
DA:58,4
DA:59,1
LF:59
LH:59
BRDA:18,0,0,1
BRDA:19,1,0,4
BRDA:26,2,0,4
BRDA:33,3,0,2
BRDA:33,4,0,1
BRDA:33,5,0,1
BRDA:36,6,0,3
BRDA:36,7,0,2
BRDA:36,8,0,1
BRDA:44,9,0,2
BRDA:45,10,0,1
BRF:11
BRH:11
end_of_record
TN:
SF:src/modules/transactions/services/FindAllCategoriesService.ts
FN:10,FindAllCategoriesService
FN:14,Object.<anonymous>.FindAllCategoriesService.execute
FNF:2
FNH:2
FNDA:1,FindAllCategoriesService
FNDA:1,Object.<anonymous>.FindAllCategoriesService.execute
DA:1,1
DA:2,1
DA:3,1
DA:4,1
DA:5,1
DA:6,1
DA:7,1
DA:8,1
DA:9,1
DA:10,1
DA:11,1
DA:12,1
DA:13,1
DA:14,1
DA:15,1
DA:16,1
DA:17,1
DA:18,1
DA:19,1
LF:19
LH:19
BRDA:9,0,0,1
BRDA:10,1,0,1
BRDA:14,2,0,1
BRDA:15,3,0,1
BRF:4
BRH:4
end_of_record
TN:
SF:src/modules/transactions/services/FindAllTransactionsService.ts
FN:10,FindAllTransactionsService
FN:14,Object.<anonymous>.FindAllTransactionsService.execute
FNF:2
FNH:2
FNDA:1,FindAllTransactionsService
FNDA:1,Object.<anonymous>.FindAllTransactionsService.execute
DA:1,1
DA:2,1
DA:3,1
DA:4,1
DA:5,1
DA:6,1
DA:7,1
DA:8,1
DA:9,1
DA:10,1
DA:11,1
DA:12,1
DA:13,1
DA:14,1
DA:15,1
DA:16,1
DA:17,1
DA:18,1
DA:19,1
LF:19
LH:19
BRDA:9,0,0,1
BRDA:10,1,0,1
BRDA:14,2,0,1
BRDA:15,3,0,1
BRF:4
BRH:4
end_of_record
TN:
SF:src/modules/users/services/AuthenticateUserService.ts
FN:25,AuthenticateUserService
FN:33,Object.<anonymous>.AuthenticateUserService.execute
FNF:2
FNH:2
FNDA:9,AuthenticateUserService
FNDA:5,Object.<anonymous>.AuthenticateUserService.execute
DA:1,1
DA:2,1
DA:3,1
DA:4,1
DA:5,1
DA:6,1
DA:7,1
DA:8,1
DA:9,1
DA:10,1
DA:11,1
DA:12,1
DA:13,1
DA:14,1
DA:15,1
DA:16,1
DA:17,1
DA:18,1
DA:19,1
DA:20,1
DA:21,1
DA:22,1
DA:23,1
DA:24,2
DA:25,2
DA:26,9
DA:27,9
DA:28,9
DA:29,9
DA:30,9
DA:31,2
DA:32,2
DA:33,2
DA:34,5
DA:35,5
DA:36,5
DA:37,5
DA:38,5
DA:39,1
DA:40,1
DA:41,4
DA:42,4
DA:43,4
DA:44,4
DA:45,4
DA:46,5
DA:47,5
DA:48,1
DA:49,1
DA:50,3
DA:51,3
DA:52,3
DA:53,3
DA:54,3
DA:55,3
DA:56,3
DA:57,3
DA:58,3
DA:59,3
DA:60,3
DA:61,3
DA:62,3
DA:63,3
DA:64,3
DA:65,3
DA:66,3
DA:67,3
DA:68,5
DA:69,2
LF:69
LH:69
BRDA:24,0,0,2
BRDA:25,1,0,9
BRDA:33,2,0,5
BRDA:37,3,0,5
BRDA:38,4,0,1
BRDA:41,5,0,4
BRDA:47,6,0,1
BRDA:50,7,0,3
BRF:8
BRH:8
end_of_record
TN:
SF:src/modules/users/services/CreateUserByAnotherUserService.ts
FN:18,CreateUserByAnotherUserService
FN:29,Object.<anonymous>.CreateUserByAnotherUserService.execute
FNF:2
FNH:2
FNDA:2,CreateUserByAnotherUserService
FNDA:3,Object.<anonymous>.CreateUserByAnotherUserService.execute
DA:1,1
DA:2,1
DA:3,1
DA:4,1
DA:5,1
DA:6,1
DA:7,1
DA:8,1
DA:9,1
DA:10,1
DA:11,1
DA:12,1
DA:13,1
DA:14,1
DA:15,1
DA:16,1
DA:17,1
DA:18,1
DA:19,2
DA:20,2
DA:21,2
DA:22,2
DA:23,2
DA:24,2
DA:25,2
DA:26,2
DA:27,1
DA:28,1
DA:29,1
DA:30,3
DA:31,3
DA:32,3
DA:33,1
DA:34,1
DA:35,2
DA:36,2
DA:37,3
DA:38,3
DA:39,3
DA:40,3
DA:41,3
DA:42,3
DA:43,3
DA:44,3
DA:45,3
DA:46,3
DA:47,3
DA:48,3
DA:49,3
DA:50,3
DA:51,3
DA:52,3
DA:53,3
DA:54,3
DA:55,3
DA:56,3
DA:57,3
DA:58,3
DA:59,3
DA:60,3
DA:61,3
DA:62,3
DA:63,3
DA:64,3
DA:65,3
DA:66,3
DA:67,3
DA:68,3
DA:69,3
DA:70,1
LF:70
LH:70
BRDA:17,0,0,1
BRDA:18,1,0,2
BRDA:29,2,0,3
BRDA:30,3,0,3
BRDA:32,4,0,1
BRDA:35,5,0,2
BRF:6
BRH:6
end_of_record
TN:
SF:src/modules/users/services/CreateUserService.ts
FN:17,CreateUserService
FN:25,Object.<anonymous>.CreateUserService.execute
FNF:2
FNH:2
FNDA:11,CreateUserService
FNDA:9,Object.<anonymous>.CreateUserService.execute
DA:1,1
DA:2,1
DA:3,1
DA:4,1
DA:5,1
DA:6,1
DA:7,1
DA:8,1
DA:9,1
DA:10,1
DA:11,1
DA:12,1
DA:13,1
DA:14,1
DA:15,1
DA:16,3
DA:17,3
DA:18,11
DA:19,11
DA:20,11
DA:21,11
DA:22,11
DA:23,3
DA:24,3
DA:25,3
DA:26,9
DA:27,9
DA:28,9
DA:29,9
DA:30,9
DA:31,9
DA:32,9
DA:33,9
DA:34,1
DA:35,1
DA:36,8
DA:37,9
DA:38,9
DA:39,9
DA:40,9
DA:41,9
DA:42,9
DA:43,9
DA:44,9
DA:45,9
DA:46,9
DA:47,3
LF:47
LH:47
BRDA:16,0,0,3
BRDA:17,1,0,11
BRDA:25,2,0,9
BRDA:31,3,0,9
BRDA:33,4,0,1
BRDA:36,5,0,8
BRF:6
BRH:6
end_of_record
TN:
SF:src/modules/users/services/FindAllUsersService.ts
FN:8,FindAllUsersService
FN:13,Object.<anonymous>.FindAllUsersService.execute
FNF:2
FNH:2
FNDA:1,FindAllUsersService
FNDA:1,Object.<anonymous>.FindAllUsersService.execute
DA:1,1
DA:2,1
DA:3,1
DA:4,1
DA:5,1
DA:6,1
DA:7,1
DA:8,1
DA:9,1
DA:10,1
DA:11,1
DA:12,1
DA:13,1
DA:14,1
DA:15,1
DA:16,1
DA:17,1
DA:18,1
LF:18
LH:18
BRDA:7,0,0,1
BRDA:8,1,0,1
BRDA:13,2,0,1
BRDA:14,3,0,1
BRF:4
BRH:4
end_of_record
TN:
SF:src/modules/users/services/RefreshTokenService.ts
FN:31,RefreshTokenService
FN:36,Object.<anonymous>.RefreshTokenService.execute
FNF:2
FNH:2
FNDA:5,RefreshTokenService
FNDA:5,Object.<anonymous>.RefreshTokenService.execute
DA:1,1
DA:2,1
DA:3,1
DA:4,1
DA:5,1
DA:6,1
DA:7,1
DA:8,1
DA:9,1
DA:10,1
DA:11,1
DA:12,1
DA:13,1
DA:14,1
DA:15,1
DA:16,1
DA:17,1
DA:18,1
DA:19,1
DA:20,1
DA:21,1
DA:22,1
DA:23,1
DA:24,1
DA:25,1
DA:26,1
DA:27,1
DA:28,1
DA:29,1
DA:30,1
DA:31,1
DA:32,5
DA:33,5
DA:34,1
DA:35,1
DA:36,1
DA:37,5
DA:38,5
DA:39,5
DA:40,5
DA:41,5
DA:42,5
DA:43,5
DA:44,5
DA:45,5
DA:46,5
DA:47,5
DA:48,5
DA:49,5
DA:50,5
DA:51,1
DA:52,1
DA:53,2
DA:54,2
DA:55,2
DA:56,5
DA:57,1
DA:58,1
DA:59,1
DA:60,1
DA:61,1
DA:62,1
DA:63,1
DA:64,1
DA:65,1
DA:66,1
DA:67,1
DA:68,1
DA:69,2
DA:70,2
DA:71,2
DA:72,2
DA:73,2
DA:74,2
DA:75,5
DA:76,5
DA:77,1
DA:78,5
DA:79,2
DA:80,2
DA:81,5
DA:82,5
DA:83,1
LF:83
LH:83
BRDA:30,0,0,1
BRDA:31,1,0,5
BRDA:36,2,0,5
BRDA:50,3,0,2
BRDA:50,4,0,1
BRDA:53,5,0,2
BRDA:56,6,0,1
BRDA:69,7,0,2
BRDA:76,8,0,1
BRDA:78,9,0,2
BRF:10
BRH:10
end_of_record
TN:
SF:src/modules/users/services/ResetPasswordService.ts
FN:16,ResetPasswordService
FN:27,Object.<anonymous>.ResetPasswordService.execute
FNF:2
FNH:2
FNDA:4,ResetPasswordService
FNDA:4,Object.<anonymous>.ResetPasswordService.execute
DA:1,1
DA:2,1
DA:3,1
DA:4,1
DA:5,1
DA:6,1
DA:7,1
DA:8,1
DA:9,1
DA:10,1
DA:11,1
DA:12,1
DA:13,1
DA:14,1
DA:15,1
DA:16,1
DA:17,4
DA:18,4
DA:19,4
DA:20,4
DA:21,4
DA:22,4
DA:23,4
DA:24,4
DA:25,1
DA:26,1
DA:27,1
DA:28,4
DA:29,4
DA:30,4
DA:31,1
DA:32,1
DA:33,3
DA:34,3
DA:35,4
DA:36,1
DA:37,1
DA:38,2
DA:39,2
DA:40,2
DA:41,4
DA:42,1
DA:43,1
DA:44,1
DA:45,4
DA:46,4
DA:47,4
DA:48,4
DA:49,4
DA:50,1
LF:50
LH:50
BRDA:15,0,0,1
BRDA:16,1,0,4
BRDA:27,2,0,4
BRDA:28,3,0,4
BRDA:30,4,0,1
BRDA:33,5,0,3
BRDA:35,6,0,1
BRDA:38,7,0,2
BRDA:41,8,0,1
BRF:9
BRH:9
end_of_record
TN:
SF:src/modules/users/services/SendForgotPasswordEmailService.ts
FN:16,SendForgotPasswordEmailService
FN:27,Object.<anonymous>.SendForgotPasswordEmailService.execute
FNF:2
FNH:2
FNDA:3,SendForgotPasswordEmailService
FNDA:3,Object.<anonymous>.SendForgotPasswordEmailService.execute
DA:1,1
DA:2,1
DA:3,1
DA:4,1
DA:5,1
DA:6,1
DA:7,1
DA:8,1
DA:9,1
DA:10,1
DA:11,1
DA:12,1
DA:13,1
DA:14,1
DA:15,1
DA:16,1
DA:17,3
DA:18,3
DA:19,3
DA:20,3
DA:21,3
DA:22,3
DA:23,3
DA:24,3
DA:25,1
DA:26,1
DA:27,1
DA:28,3
DA:29,3
DA:30,1
DA:31,1
DA:32,2
DA:33,2
DA:34,3
DA:35,3
DA:36,3
DA:37,3
DA:38,3
DA:39,3
DA:40,3
DA:41,3
DA:42,3
DA:43,3
DA:44,3
DA:45,3
DA:46,3
DA:47,3
DA:48,3
DA:49,3
DA:50,3
DA:51,3
DA:52,3
DA:53,3
DA:54,3
DA:55,3
DA:56,1
LF:56
LH:56
BRDA:15,0,0,1
BRDA:16,1,0,3
BRDA:27,2,0,3
BRDA:28,3,0,3
BRDA:29,4,0,1
BRDA:32,5,0,2
BRF:6
BRH:6
end_of_record
TN:
SF:src/modules/users/services/ShowProfileService.ts
FN:14,ShowProfileService
FN:19,Object.<anonymous>.ShowProfileService.execute
FNF:2
FNH:2
FNDA:2,ShowProfileService
FNDA:2,Object.<anonymous>.ShowProfileService.execute
DA:1,1
DA:2,1
DA:3,1
DA:4,1
DA:5,1
DA:6,1
DA:7,1
DA:8,1
DA:9,1
DA:10,1
DA:11,1
DA:12,1
DA:13,1
DA:14,1
DA:15,2
DA:16,2
DA:17,1
DA:18,1
DA:19,1
DA:20,2
DA:21,2
DA:22,2
DA:23,1
DA:24,1
DA:25,1
DA:26,1
DA:27,2
DA:28,1
LF:28
LH:28
BRDA:13,0,0,1
BRDA:14,1,0,2
BRDA:19,2,0,2
BRDA:20,3,0,2
BRDA:22,4,0,1
BRF:5
BRH:5
end_of_record
TN:
SF:src/modules/users/services/UpdateProfileFirstService.ts
FN:21,UpdateProfileFirstService
FN:32,Object.<anonymous>.UpdateProfileFirstService.execute
FNF:2
FNH:2
FNDA:6,UpdateProfileFirstService
FNDA:6,Object.<anonymous>.UpdateProfileFirstService.execute
DA:1,1
DA:2,1
DA:3,1
DA:4,1
DA:5,1
DA:6,1
DA:7,1
DA:8,1
DA:9,1
DA:10,1
DA:11,1
DA:12,1
DA:13,1
DA:14,1
DA:15,1
DA:16,1
DA:17,1
DA:18,1
DA:19,1
DA:20,1
DA:21,1
DA:22,6
DA:23,6
DA:24,6
DA:25,6
DA:26,6
DA:27,6
DA:28,6
DA:29,6
DA:30,1
DA:31,1
DA:32,1
DA:33,6
DA:34,6
DA:35,6
DA:36,6
DA:37,6
DA:38,6
DA:39,6
DA:40,6
DA:41,6
DA:42,6
DA:43,1
DA:44,1
DA:45,5
DA:46,6
DA:47,6
DA:48,1
DA:49,1
DA:50,4
DA:51,4
DA:52,4
DA:53,6
DA:54,6
DA:55,1
DA:56,1
DA:57,3
DA:58,3
DA:59,3
DA:60,3
DA:61,3
DA:62,3
DA:63,3
DA:64,3
DA:65,3
DA:66,3
DA:67,6
DA:68,6
DA:69,1
DA:70,1
DA:71,2
DA:72,6
DA:73,6
DA:74,6
DA:75,6
DA:76,6
DA:77,6
DA:78,6
DA:79,6
DA:80,6
DA:81,6
DA:82,6
DA:83,6
DA:84,6
DA:85,6
DA:86,6
DA:87,6
DA:88,6
DA:89,6
DA:90,6
DA:91,6
DA:92,6
DA:93,6
DA:94,6
DA:95,6
DA:96,6
DA:97,6
DA:98,6
DA:99,1
LF:99
LH:99
BRDA:20,0,0,1
BRDA:21,1,0,6
BRDA:32,2,0,6
BRDA:40,3,0,6
BRDA:42,4,0,1
BRDA:45,5,0,5
BRDA:47,6,0,1
BRDA:47,7,0,1
BRDA:50,8,0,4
BRDA:54,9,0,1
BRDA:57,10,0,3
BRDA:68,11,0,1
BRDA:71,12,0,2
BRF:13
BRH:13
end_of_record
TN:
SF:src/modules/users/services/UpdateProfileService.ts
FN:20,UpdateProfileService
FN:31,Object.<anonymous>.UpdateProfileService.execute
FNF:2
FNH:2
FNDA:6,UpdateProfileService
FNDA:6,Object.<anonymous>.UpdateProfileService.execute
DA:1,1
DA:2,1
DA:3,1
DA:4,1
DA:5,1
DA:6,1
DA:7,1
DA:8,1
DA:9,1
DA:10,1
DA:11,1
DA:12,1
DA:13,1
DA:14,1
DA:15,1
DA:16,1
DA:17,1
DA:18,1
DA:19,1
DA:20,1
DA:21,6
DA:22,6
DA:23,6
DA:24,6
DA:25,6
DA:26,6
DA:27,6
DA:28,6
DA:29,1
DA:30,1
DA:31,1
DA:32,6
DA:33,6
DA:34,6
DA:35,6
DA:36,6
DA:37,6
DA:38,6
DA:39,6
DA:40,6
DA:41,1
DA:42,1
DA:43,5
DA:44,6
DA:45,6
DA:46,1
DA:47,1
DA:48,4
DA:49,4
DA:50,4
DA:51,4
DA:52,6
DA:53,1
DA:54,1
DA:55,1
DA:56,1
DA:57,3
DA:58,6
DA:59,2
DA:60,2
DA:61,2
DA:62,2
DA:63,6
DA:64,6
DA:65,1
DA:66,1
DA:67,1
DA:68,6
DA:69,6
DA:70,6
DA:71,6
DA:72,6
DA:73,6
DA:74,6
DA:75,6
DA:76,6
DA:77,6
DA:78,6
DA:79,6
DA:80,6
DA:81,6
DA:82,6
DA:83,6
DA:84,6
DA:85,6
DA:86,6
DA:87,6
DA:88,6
DA:89,6
DA:90,6
DA:91,6
DA:92,1
LF:92
LH:92
BRDA:19,0,0,1
BRDA:20,1,0,6
BRDA:31,2,0,6
BRDA:38,3,0,6
BRDA:40,4,0,1
BRDA:43,5,0,5
BRDA:45,6,0,1
BRDA:45,7,0,1
BRDA:48,8,0,4
BRDA:52,9,0,3
BRDA:52,10,0,1
BRDA:57,11,0,3
BRDA:58,12,0,2
BRDA:58,13,0,1
BRDA:58,14,0,2
BRDA:64,15,0,1
BRF:16
BRH:16
end_of_record
